<?xml version="1.0" encoding="UTF-8"?>
<!-- Generated by org.testng.reporters.JUnitReportReporter -->
<testsuite hostname="TYSS-Sumanth" failures="0" tests="1" name="reqres.ToCaptureAllUsers" time="3.671" errors="0" timestamp="2024-01-24T10:58:14 IST" skipped="0">
  <testcase classname="reqres.ToCaptureAllUsers" name="getUsers" time="3.671"/>
  <system-out/>
</testsuite> <!-- reqres.ToCaptureAllUsers -->
