<?xml version="1.0" encoding="UTF-8"?>
<!-- Generated by org.testng.reporters.JUnitReportReporter -->
<testsuite hostname="TYSS-Sumanth" failures="0" tests="1" name="reqres.ToCreateUser" time="1.541" errors="0" timestamp="2024-01-24T15:05:34 IST" skipped="0">
  <testcase classname="reqres.ToCreateUser" name="createUser" time="1.541"/>
  <system-out/>
</testsuite> <!-- reqres.ToCreateUser -->
