<?xml version="1.0" encoding="UTF-8"?>
<!-- Generated by org.testng.reporters.JUnitReportReporter -->
<testsuite hostname="TYSS-Sumanth" failures="0" tests="1" name="reqres.ToDeleteUser" time="1.507" errors="0" timestamp="2024-01-24T12:16:21 IST" skipped="0">
  <testcase classname="reqres.ToDeleteUser" name="createUser" time="1.507"/>
  <system-out/>
</testsuite> <!-- reqres.ToDeleteUser -->
