<?xml version="1.0" encoding="UTF-8"?>
<!-- Generated by org.testng.reporters.JUnitReportReporter -->
<testsuite hostname="TYSS-Sumanth" failures="0" tests="1" name="reqres.ToUpdateUser" time="1.645" errors="0" timestamp="2024-01-24T14:46:54 IST" skipped="0">
  <testcase classname="reqres.ToUpdateUser" name="createUser" time="1.645"/>
  <system-out/>
</testsuite> <!-- reqres.ToUpdateUser -->
